<?xml version="1.0" encoding="UTF-8"?>
<!-- Generated by org.testng.reporters.JUnitReportReporter -->
<testsuite hostname="DESKTOP-OMMC8PB" failures="0" tests="1" name="com.interview.webapp.login.DemoTest" time="3.193" errors="0" timestamp="2021-05-18T23:31:14 IST" skipped="0">
  <testcase classname="com.interview.webapp.login.DemoTest" name="f" time="3.193"/>
  <system-out/>
</testsuite> <!-- com.interview.webapp.login.DemoTest -->
